Arguments: 
  /usr/bin/node /usr/share/yarn/bin/yarn.js add tailwindcssnpx tailwindcss init

PATH: 
  /home/linuxbrew/.linuxbrew/bin:/home/linuxbrew/.linuxbrew/sbin:/home/aib/gems/bin:/home/aib/.rbenv/plugins/ruby-build/bin:/home/aib/.rbenv/shims:/home/aib/.rbenv/bin:/home/aib/.rbenv/plugins/ruby-build/bin:/home/aib/.rbenv/plugins/ruby-build/bin:/home/aib/.rbenv/shims:/home/aib/.rbenv/bin:/usr/local/sbin:/usr/local/bin:/usr/sbin:/usr/bin:/sbin:/bin:/usr/games:/usr/local/games:/usr/lib/wsl/lib:/mnt/c/Program Files (x86)/Common Files/Oracle/Java/javapath:/mnt/c/WINDOWS/system32:/mnt/c/WINDOWS:/mnt/c/WINDOWS/System32/Wbem:/mnt/c/WINDOWS/System32/WindowsPowerShell/v1.0/:/mnt/c/WINDOWS/System32/OpenSSH/:/mnt/c/Program Files/usbipd-win/:/mnt/c/Users/USER/AppData/Local/Programs/Python/Python37-32/Scripts/:/mnt/c/Users/USER/AppData/Local/Programs/Python/Python37-32/:/mnt/c/Users/USER/AppData/Local/Microsoft/WindowsApps:/snap/bin

Yarn version: 
  1.22.18

Node version: 
  12.22.12

Platform: 
  linux x64

Trace: 
  Error: https://registry.yarnpkg.com/tailwindcssnpx: Not found
      at Request.params.callback [as _callback] (/usr/share/yarn/lib/cli.js:66138:18)
      at Request.self.callback (/usr/share/yarn/lib/cli.js:140883:22)
      at Request.emit (events.js:314:20)
      at Request.<anonymous> (/usr/share/yarn/lib/cli.js:141855:10)
      at Request.emit (events.js:314:20)
      at IncomingMessage.<anonymous> (/usr/share/yarn/lib/cli.js:141777:12)
      at Object.onceWrapper (events.js:420:28)
      at IncomingMessage.emit (events.js:326:22)
      at endReadableNT (_stream_readable.js:1241:12)
      at processTicksAndRejections (internal/process/task_queues.js:84:21)

npm manifest: 
  No manifest

yarn manifest: 
  No manifest

Lockfile: 
  No lockfile
